<?xml version="1.0" encoding="UTF-8"?>
<!-- Generated by org.testng.reporters.JUnitReportReporter -->
<testsuite hostname="ADMIN-PC" failures="0" tests="7" name="com.tutorialninja.testclasses.LoginTest" time="154.555" errors="0" timestamp="2023-03-03T16:03:59 IST" skipped="0">
  <testcase classname="com.tutorialninja.testclasses.LoginTest" name="verifyLoginWithValidCredentials" time="21.287"/>
  <system-out/>
  <testcase classname="com.tutorialninja.testclasses.LoginTest" name="verifyLoginWithValidCredentials" time="31.165"/>
  <system-out/>
  <testcase classname="com.tutorialninja.testclasses.LoginTest" name="verifyLoginWithValidCredentials" time="16.257"/>
  <system-out/>
  <testcase classname="com.tutorialninja.testclasses.LoginTest" name="verifyLoginWithInvalidCredentials" time="19.599"/>
  <system-out/>
  <testcase classname="com.tutorialninja.testclasses.LoginTest" name="verifyLoginWithValidEmailAndInvalidPassword" time="20.548"/>
  <system-out/>
  <testcase classname="com.tutorialninja.testclasses.LoginTest" name="verifyLoginWithInvalidEmailAndValidPassword" time="15.382"/>
  <system-out/>
  <testcase classname="com.tutorialninja.testclasses.LoginTest" name="verifyLoginWithLaveEmptyCredentials" time="30.317"/>
  <system-out/>
</testsuite> <!-- com.tutorialninja.testclasses.LoginTest -->
